{"numTotalTestSuites":8,"numPassedTestSuites":8,"numFailedTestSuites":0,"numPendingTestSuites":0,"numTotalTests":51,"numPassedTests":51,"numFailedTests":0,"numPendingTests":0,"numTodoTests":0,"snapshot":{"added":0,"failure":false,"filesAdded":0,"filesRemoved":0,"filesRemovedList":[],"filesUnmatched":0,"filesUpdated":0,"matched":0,"total":0,"unchecked":0,"uncheckedKeysByFile":[],"unmatched":0,"updated":0,"didUpdate":false},"startTime":1774563248661,"success":true,"testResults":[{"assertionResults":[{"ancestorTitles":["useCalculator"],"fullName":"useCalculator starts with empty state","status":"passed","title":"starts with empty state","duration":31.370499999999993,"failureMessages":[],"meta":{},"tags":[]},{"ancestorTitles":["useCalculator"],"fullName":"useCalculator appends characters to expression","status":"passed","title":"appends characters to expression","duration":6.468800000000101,"failureMessages":[],"meta":{},"tags":[]},{"ancestorTitles":["useCalculator"],"fullName":"useCalculator clears expression","status":"passed","title":"clears expression","duration":3.727400000000216,"failureMessages":[],"meta":{},"tags":[]},{"ancestorTitles":["useCalculator"],"fullName":"useCalculator deletes last character","status":"passed","title":"deletes last character","duration":5.6612999999997555,"failureMessages":[],"meta":{},"tags":[]},{"ancestorTitles":["useCalculator"],"fullName":"useCalculator evaluates expression on calculate","status":"passed","title":"evaluates expression on calculate","duration":66.10789999999997,"failureMessages":[],"meta":{},"tags":[]},{"ancestorTitles":["useCalculator"],"fullName":"useCalculator shows error for invalid expression","status":"passed","title":"shows error for invalid expression","duration":3.2998999999999796,"failureMessages":[],"meta":{},"tags":[]},{"ancestorTitles":["useCalculator"],"fullName":"useCalculator adds successful calculation to history","status":"passed","title":"adds successful calculation to history","duration":4.276600000000144,"failureMessages":[],"meta":{},"tags":[]},{"ancestorTitles":["useCalculator"],"fullName":"useCalculator does not add failed calculation to history","status":"passed","title":"does not add failed calculation to history","duration":2.550699999999779,"failureMessages":[],"meta":{},"tags":[]},{"ancestorTitles":["useCalculator"],"fullName":"useCalculator loads expression from history","status":"passed","title":"loads expression from history","duration":5.1865999999999985,"failureMessages":[],"meta":{},"tags":[]},{"ancestorTitles":["useCalculator"],"fullName":"useCalculator toggles angle mode","status":"passed","title":"toggles angle mode","duration":3.2451999999998407,"failureMessages":[],"meta":{},"tags":[]},{"ancestorTitles":["useCalculator"],"fullName":"useCalculator applies percent","status":"passed","title":"applies percent","duration":1.9097000000001572,"failureMessages":[],"meta":{},"tags":[]},{"ancestorTitles":["useCalculator"],"fullName":"useCalculator applies negate","status":"passed","title":"applies negate","duration":2.0407000000000153,"failureMessages":[],"meta":{},"tags":[]}],"startTime":1774563252215,"endTime":1774563252352.0408,"status":"passed","message":"","name":"C:/Users/engin.coban/Projects/hesap-makinesi/src/hooks/useCalculator.test.ts"},{"assertionResults":[{"ancestorTitles":["normalize"],"fullName":"normalize replaces × with *","status":"passed","title":"replaces × with *","duration":1.543999999999869,"failureMessages":[],"meta":{},"tags":[]},{"ancestorTitles":["normalize"],"fullName":"normalize replaces ÷ with /","status":"passed","title":"replaces ÷ with /","duration":0.2887000000000626,"failureMessages":[],"meta":{},"tags":[]},{"ancestorTitles":["normalize"],"fullName":"normalize replaces √( with sqrt(","status":"passed","title":"replaces √( with sqrt(","duration":0.17479999999977736,"failureMessages":[],"meta":{},"tags":[]},{"ancestorTitles":["normalize"],"fullName":"normalize replaces π with pi","status":"passed","title":"replaces π with pi","duration":0.13220000000001164,"failureMessages":[],"meta":{},"tags":[]},{"ancestorTitles":["normalize"],"fullName":"normalize handles combined symbols","status":"passed","title":"handles combined symbols","duration":0.13520000000016807,"failureMessages":[],"meta":{},"tags":[]},{"ancestorTitles":["evaluate"],"fullName":"evaluate evaluates basic arithmetic","status":"passed","title":"evaluates basic arithmetic","duration":24.55119999999988,"failureMessages":[],"meta":{},"tags":[]},{"ancestorTitles":["evaluate"],"fullName":"evaluate evaluates multiplication","status":"passed","title":"evaluates multiplication","duration":0.4560999999998785,"failureMessages":[],"meta":{},"tags":[]},{"ancestorTitles":["evaluate"],"fullName":"evaluate evaluates sin in degree mode","status":"passed","title":"evaluates sin in degree mode","duration":1.6885000000002037,"failureMessages":[],"meta":{},"tags":[]},{"ancestorTitles":["evaluate"],"fullName":"evaluate evaluates sin in radian mode","status":"passed","title":"evaluates sin in radian mode","duration":0.5059999999998581,"failureMessages":[],"meta":{},"tags":[]},{"ancestorTitles":["evaluate"],"fullName":"evaluate evaluates sqrt","status":"passed","title":"evaluates sqrt","duration":0.44250000000010914,"failureMessages":[],"meta":{},"tags":[]},{"ancestorTitles":["evaluate"],"fullName":"evaluate evaluates complex expression","status":"passed","title":"evaluates complex expression","duration":0.43479999999999563,"failureMessages":[],"meta":{},"tags":[]},{"ancestorTitles":["evaluate"],"fullName":"evaluate returns specific error for division by zero","status":"passed","title":"returns specific error for division by zero","duration":0.23630000000002838,"failureMessages":[],"meta":{},"tags":[]},{"ancestorTitles":["evaluate"],"fullName":"evaluate returns specific error for invalid syntax","status":"passed","title":"returns specific error for invalid syntax","duration":0.23059999999986758,"failureMessages":[],"meta":{},"tags":[]},{"ancestorTitles":["evaluate"],"fullName":"evaluate returns specific error for unknown function","status":"passed","title":"returns specific error for unknown function","duration":0.1714999999999236,"failureMessages":[],"meta":{},"tags":[]},{"ancestorTitles":["evaluate"],"fullName":"evaluate formats large numbers in scientific notation","status":"passed","title":"formats large numbers in scientific notation","duration":0.31850000000031287,"failureMessages":[],"meta":{},"tags":[]},{"ancestorTitles":["evaluate"],"fullName":"evaluate formats decimals to max 10 significant digits","status":"passed","title":"formats decimals to max 10 significant digits","duration":0.30600000000004,"failureMessages":[],"meta":{},"tags":[]},{"ancestorTitles":["evaluate"],"fullName":"evaluate handles nested trig correctly in degree mode","status":"passed","title":"handles nested trig correctly in degree mode","duration":0.28330000000005384,"failureMessages":[],"meta":{},"tags":[]},{"ancestorTitles":["normalize — auto-close parentheses"],"fullName":"normalize — auto-close parentheses closes single missing parenthesis","status":"passed","title":"closes single missing parenthesis","duration":0.08350000000018554,"failureMessages":[],"meta":{},"tags":[]},{"ancestorTitles":["normalize — auto-close parentheses"],"fullName":"normalize — auto-close parentheses closes multiple missing parentheses","status":"passed","title":"closes multiple missing parentheses","duration":0.0603000000000975,"failureMessages":[],"meta":{},"tags":[]},{"ancestorTitles":["normalize — auto-close parentheses"],"fullName":"normalize — auto-close parentheses does not add extra when balanced","status":"passed","title":"does not add extra when balanced","duration":0.05040000000008149,"failureMessages":[],"meta":{},"tags":[]},{"ancestorTitles":["normalize — auto-close parentheses"],"fullName":"normalize — auto-close parentheses auto-closes and evaluates sqrt(16) correctly","status":"passed","title":"auto-closes and evaluates sqrt(16) correctly","duration":0.20139999999992142,"failureMessages":[],"meta":{},"tags":[]},{"ancestorTitles":["normalize — auto-close parentheses"],"fullName":"normalize — auto-close parentheses auto-closes and evaluates sin(90) correctly","status":"passed","title":"auto-closes and evaluates sin(90) correctly","duration":0.26279999999997017,"failureMessages":[],"meta":{},"tags":[]}],"startTime":1774563251656,"endTime":1774563251689.2627,"status":"passed","message":"","name":"C:/Users/engin.coban/Projects/hesap-makinesi/src/utils/parser.test.ts"},{"assertionResults":[{"ancestorTitles":["speechToMath"],"fullName":"speechToMath converts basic arithmetic words","status":"passed","title":"converts basic arithmetic words","duration":2.2590000000000146,"failureMessages":[],"meta":{},"tags":[]},{"ancestorTitles":["speechToMath"],"fullName":"speechToMath converts multiplication","status":"passed","title":"converts multiplication","duration":0.24880000000007385,"failureMessages":[],"meta":{},"tags":[]},{"ancestorTitles":["speechToMath"],"fullName":"speechToMath converts division","status":"passed","title":"converts division","duration":0.26080000000001746,"failureMessages":[],"meta":{},"tags":[]},{"ancestorTitles":["speechToMath"],"fullName":"speechToMath converts trig functions","status":"passed","title":"converts trig functions","duration":0.20659999999998035,"failureMessages":[],"meta":{},"tags":[]},{"ancestorTitles":["speechToMath"],"fullName":"speechToMath converts karekök","status":"passed","title":"converts karekök","duration":0.20329999999989923,"failureMessages":[],"meta":{},"tags":[]},{"ancestorTitles":["speechToMath"],"fullName":"speechToMath recognizes eşittir command","status":"passed","title":"recognizes eşittir command","duration":0.1756000000000313,"failureMessages":[],"meta":{},"tags":[]},{"ancestorTitles":["speechToMath"],"fullName":"speechToMath recognizes hesapla command","status":"passed","title":"recognizes hesapla command","duration":0.15300000000002,"failureMessages":[],"meta":{},"tags":[]},{"ancestorTitles":["speechToMath"],"fullName":"speechToMath recognizes temizle command","status":"passed","title":"recognizes temizle command","duration":0.13820000000009713,"failureMessages":[],"meta":{},"tags":[]},{"ancestorTitles":["speechToMath"],"fullName":"speechToMath recognizes sil command","status":"passed","title":"recognizes sil command","duration":0.16010000000005675,"failureMessages":[],"meta":{},"tags":[]},{"ancestorTitles":["speechToMath"],"fullName":"speechToMath handles expression ending with eşittir","status":"passed","title":"handles expression ending with eşittir","duration":0.4855999999999767,"failureMessages":[],"meta":{},"tags":[]},{"ancestorTitles":["speechToMath"],"fullName":"speechToMath converts pi","status":"passed","title":"converts pi","duration":0.21499999999991815,"failureMessages":[],"meta":{},"tags":[]},{"ancestorTitles":["speechToMath"],"fullName":"speechToMath handles ASCII variants without diacritics","status":"passed","title":"handles ASCII variants without diacritics","duration":0.13570000000004256,"failureMessages":[],"meta":{},"tags":[]},{"ancestorTitles":["speechToMath"],"fullName":"speechToMath converts virgül to decimal point","status":"passed","title":"converts virgül to decimal point","duration":0.09230000000002292,"failureMessages":[],"meta":{},"tags":[]},{"ancestorTitles":["speechToMath"],"fullName":"speechToMath passes through numeric values from speech API","status":"passed","title":"passes through numeric values from speech API","duration":0.0786000000000513,"failureMessages":[],"meta":{},"tags":[]},{"ancestorTitles":["speechToMath"],"fullName":"speechToMath handles mixed numbers and words","status":"passed","title":"handles mixed numbers and words","duration":0.08349999999995816,"failureMessages":[],"meta":{},"tags":[]},{"ancestorTitles":["speechToMath"],"fullName":"speechToMath handles pure numeric expression with x","status":"passed","title":"handles pure numeric expression with x","duration":0.0804000000000542,"failureMessages":[],"meta":{},"tags":[]},{"ancestorTitles":["speechToMath"],"fullName":"speechToMath handles decimal numbers from speech","status":"passed","title":"handles decimal numbers from speech","duration":0.07009999999991123,"failureMessages":[],"meta":{},"tags":[]}],"startTime":1774563250491,"endTime":1774563250497.0803,"status":"passed","message":"","name":"C:/Users/engin.coban/Projects/hesap-makinesi/src/utils/speechToMath.test.ts"}]}